#
# A fatal error has been detected by the Java Runtime Environment:
#
#  EXCEPTION_ACCESS_VIOLATION (0xc0000005) at pc=0x16b01a9b, pid=1504, tid=7436
#
# JRE version: Java(TM) SE Runtime Environment (8.0-b132) (build 1.8.0-b132)
# Java VM: Java HotSpot(TM) Client VM (25.0-b70 mixed mode windows-x86 )
# Problematic frame:
# C  [jmddraw.dll+0x1a9b]
#
# Failed to write core dump. Minidumps are not enabled by default on client versions of Windows
#
# If you would like to submit a bug report, please visit:
#   http://bugreport.sun.com/bugreport/crash.jsp
# The crash happened outside the Java Virtual Machine in native code.
# See problematic frame for where to report the bug.
#

---------------  T H R E A D  ---------------

Current thread (0x15172400):  JavaThread "Loop thread: com.sun.media.renderer.video.DDRenderer@4b318" [_thread_in_native, id=7436, stack(0x17480000,0x174d0000)]

siginfo: ExceptionCode=0xc0000005, writing address 0x00000000

Registers:
EAX=0x00000000, EBX=0x175203c0, ECX=0x00000000, EDX=0x536553b5
ESP=0x174cefb8, EBP=0x1c644020, ESI=0x15172530, EDI=0x00000000
EIP=0x16b01a9b, EFLAGS=0x00010206

Top of Stack: (sp=0x174cefb8)
0x174cefb8:   15172400 1644d380 174cf108 1644d380
0x174cefc8:   53654cb0 00000000 1c644020 ffffffff
0x174cefd8:   00000000 536553b5 00d19008 00000004
0x174cefe8:   00f8e260 0079b270 ffffffff 0079b3ae
0x174ceff8:   000000ed 174cf024 00000000 00000000
0x174cf008:   00000000 00000000 00000500 000002d0
0x174cf018:   00d19008 000001c6 174cf000 174cf05c
0x174cf028:   5365560e 163d7bd8 15172400 ffffffff 

Instructions: (pc=0x16b01a9b)
0x16b01a7b:   85 c0 0f 84 31 01 00 00 83 f8 20 0f 84 28 01 00
0x16b01a8b:   00 50 e8 6b 07 00 00 8b 54 24 28 8b f8 83 c4 04
0x16b01a9b:   89 17 8b 43 1c 8d 54 24 24 8b 08 52 8d 54 24 38
0x16b01aab:   57 52 50 ff 51 0c 57 e8 17 07 00 00 83 c4 04 c7 


Register to memory mapping:

EAX=0x00000000 is an unknown value
EBX=0x175203c0 is an unknown value
ECX=0x00000000 is an unknown value
EDX=0x536553b5 is an unknown value
ESP=0x174cefb8 is pointing into the stack for thread: 0x15172400
EBP=0x1c644020 is an unknown value
ESI=0x15172530 is an unknown value
EDI=0x00000000 is an unknown value


Stack: [0x17480000,0x174d0000],  sp=0x174cefb8,  free space=315k
Native frames: (J=compiled Java code, j=interpreted, Vv=VM code, C=native code)
C  [jmddraw.dll+0x1a9b]

Java frames: (J=compiled Java code, j=interpreted, Vv=VM code)
j  com.sun.media.renderer.video.DDRenderer.dxDraw(Ljava/lang/Object;JII)Z+0
j  com.sun.media.renderer.video.DDRenderer.doProcess(Ljavax/media/Buffer;)I+217
j  com.sun.media.renderer.video.BasicVideoRenderer.process(Ljavax/media/Buffer;)I+18
j  com.sun.media.BasicRendererModule.processBuffer(Ljavax/media/Buffer;)I+357
j  com.sun.media.BasicRendererModule.scheduleBuffer(Ljavax/media/Buffer;)Z+164
j  com.sun.media.BasicRendererModule.doProcess()Z+330
j  com.sun.media.RenderThread.process()Z+4
j  com.sun.media.util.LoopThread.run()V+14
v  ~StubRoutines::call_stub

---------------  P R O C E S S  ---------------

Java Threads: ( => current thread )
  0x15172800 JavaThread "DestroyJavaVM" [_thread_blocked, id=9004, stack(0x008f0000,0x00940000)]
=>0x15172400 JavaThread "Loop thread: com.sun.media.renderer.video.DDRenderer@4b318" [_thread_in_native, id=7436, stack(0x17480000,0x174d0000)]
  0x15175c00 JavaThread "Loop thread: com.sun.media.parser.RawBufferParser$FrameTrack@12e91aa" [_thread_in_native, id=4156, stack(0x170c0000,0x17110000)]
  0x15175000 JavaThread "Loop thread" [_thread_blocked, id=7632, stack(0x17200000,0x17250000)]
  0x15175400 JavaThread "VFW TransferDataThread" [_thread_blocked, id=8208, stack(0x171b0000,0x17200000)]
  0x15174800 JavaThread "VFW VideoPollThread" [_thread_blocked, id=7764, stack(0x17160000,0x171b0000)]
  0x15036400 JavaThread "JMF thread: SendEventQueue: com.sun.media.PlaybackEngine" [_thread_blocked, id=9948, stack(0x16aa0000,0x16af0000)]
  0x15141800 JavaThread "JMF thread: SendEventQueue: com.sun.media.content.unknown.Handler" [_thread_blocked, id=8124, stack(0x16a50000,0x16aa0000)]
  0x15140800 JavaThread "VFW Request Thread" [_thread_blocked, id=7952, stack(0x160e0000,0x16130000)]
  0x0111a000 JavaThread "AWT-EventQueue-0" [_thread_blocked, id=9024, stack(0x15450000,0x154a0000)]
  0x010d2000 JavaThread "AWT-Shutdown" [_thread_blocked, id=1228, stack(0x14850000,0x148a0000)]
  0x01043400 JavaThread "Java2D Disposer" daemon [_thread_blocked, id=4972, stack(0x03f80000,0x03fd0000)]
  0x00f5f400 JavaThread "Service Thread" daemon [_thread_blocked, id=9124, stack(0x03ee0000,0x03f30000)]
  0x00f68800 JavaThread "C1 CompilerThread0" daemon [_thread_blocked, id=9784, stack(0x01230000,0x01280000)]
  0x00f67800 JavaThread "Attach Listener" daemon [_thread_blocked, id=6264, stack(0x011e0000,0x01230000)]
  0x00f66800 JavaThread "Signal Dispatcher" daemon [_thread_blocked, id=9456, stack(0x01190000,0x011e0000)]
  0x00d1ec00 JavaThread "Finalizer" daemon [_thread_blocked, id=4384, stack(0x01130000,0x01180000)]
  0x00d1d400 JavaThread "Reference Handler" daemon [_thread_blocked, id=7056, stack(0x00ee0000,0x00f30000)]

Other Threads:
  0x00d19c00 VMThread [stack: 0x00e90000,0x00ee0000] [id=1796]
  0x00f7b400 WatcherThread [stack: 0x03f30000,0x03f80000] [id=9284]

VM state:not at safepoint (normal execution)

VM Mutex/Monitor currently owned by a thread: None

Heap:
 def new generation   total 37056K, used 21496K [0x04000000, 0x06830000, 0x09550000)
  eden space 32960K,  65% used [0x04000000, 0x054fe080, 0x06030000)
  from space 4096K,   0% used [0x06030000, 0x06030000, 0x06430000)
  to   space 4096K,   0% used [0x06430000, 0x06430000, 0x06830000)
 tenured generation   total 82204K, used 49320K [0x09550000, 0x0e597000, 0x14000000)
   the space 82204K,  59% used [0x09550000, 0x0c57a190, 0x0c57a200, 0x0e597000)
 Metaspace       used 8747K, capacity 8827K, committed 8960K, reserved 9600K

Card table byte_map: [0x00da0000,0x00e30000] byte_map_base: 0x00d80000

Polling page: 0x00780000

CodeCache: size=32768Kb used=1335Kb max_used=1335Kb free=31433Kb
 bounds [0x01ee0000, 0x02030000, 0x03ee0000]
 total_blobs=691 nmethods=452 adapters=171
 compilation: enabled

Compilation events (10 events):
Event: 28.932 Thread 0x00f68800  450  s          com.sun.media.CircularBuffer::read (77 bytes)
Event: 28.932 Thread 0x00f68800 nmethod 450 0x0202cf48 code [0x0202d050, 0x0202d28c]
Event: 28.932 Thread 0x00f68800  451  s          com.sun.media.CircularBuffer::readReport (32 bytes)
Event: 28.932 Thread 0x00f68800 nmethod 451 0x0202d388 code [0x0202d490, 0x0202d68c]
Event: 28.957 Thread 0x00f68800  452             com.sun.media.BasicJMD::moduleIn (11 bytes)
Event: 28.958 Thread 0x00f68800 nmethod 452 0x0202d708 code [0x0202d800, 0x0202d8ac]
Event: 29.084 Thread 0x00f68800  453             javax.media.Buffer::isEOM (15 bytes)
Event: 29.084 Thread 0x00f68800 nmethod 453 0x0202d908 code [0x0202da00, 0x0202da90]
Event: 29.084 Thread 0x00f68800  454             javax.media.Buffer::getLength (5 bytes)
Event: 29.084 Thread 0x00f68800 nmethod 454 0x0202dac8 code [0x0202dbc0, 0x0202dc40]

GC Heap History (10 events):
Event: 3.395 GC heap before
{Heap before GC invocations=5 (full 0):
 def new generation   total 4928K, used 2738K [0x04000000, 0x04550000, 0x09550000)
  eden space 4416K,  61% used [0x04000000, 0x042a42e0, 0x04450000)
  from space 512K,   6% used [0x044d0000, 0x044d8768, 0x04550000)
  to   space 512K,   0% used [0x04450000, 0x04450000, 0x044d0000)
 tenured generation   total 10944K, used 9691K [0x09550000, 0x0a000000, 0x14000000)
   the space 10944K,  88% used [0x09550000, 0x09ec6c30, 0x09ec6e00, 0x0a000000)
 Metaspace       used 8465K, capacity 8507K, committed 8576K, reserved 8576K
Event: 3.427 GC heap after
Heap after GC invocations=6 (full 1):
 def new generation   total 7424K, used 0K [0x04000000, 0x04800000, 0x09550000)
  eden space 6656K,   0% used [0x04000000, 0x04000000, 0x04680000)
  from space 768K,   0% used [0x04680000, 0x04680000, 0x04740000)
  to   space 768K,   0% used [0x04740000, 0x04740000, 0x04800000)
 tenured generation   total 16192K, used 9714K [0x09550000, 0x0a520000, 0x14000000)
   the space 16192K,  59% used [0x09550000, 0x09eccb70, 0x09eccc00, 0x0a520000)
 Metaspace       used 8465K, capacity 8507K, committed 8576K, reserved 8576K
}
Event: 3.468 GC heap before
{Heap before GC invocations=6 (full 1):
 def new generation   total 7424K, used 6476K [0x04000000, 0x04800000, 0x09550000)
  eden space 6656K,  97% used [0x04000000, 0x04653088, 0x04680000)
  from space 768K,   0% used [0x04680000, 0x04680000, 0x04740000)
  to   space 768K,   0% used [0x04740000, 0x04740000, 0x04800000)
 tenured generation   total 16192K, used 9714K [0x09550000, 0x0a520000, 0x14000000)
   the space 16192K,  59% used [0x09550000, 0x09eccb70, 0x09eccc00, 0x0a520000)
 Metaspace       used 8476K, capacity 8507K, committed 8576K, reserved 8576K
Event: 3.475 GC heap after
Heap after GC invocations=7 (full 1):
 def new generation   total 7424K, used 11K [0x04000000, 0x04800000, 0x09550000)
  eden space 6656K,   0% used [0x04000000, 0x04000000, 0x04680000)
  from space 768K,   1% used [0x04740000, 0x04742cb8, 0x04800000)
  to   space 768K,   0% used [0x04680000, 0x04680000, 0x04740000)
 tenured generation   total 16192K, used 16014K [0x09550000, 0x0a520000, 0x14000000)
   the space 16192K,  98% used [0x09550000, 0x0a4f3b90, 0x0a4f3c00, 0x0a520000)
 Metaspace       used 8476K, capacity 8507K, committed 8576K, reserved 8576K
}
Event: 3.527 GC heap before
{Heap before GC invocations=7 (full 1):
 def new generation   total 7424K, used 6351K [0x04000000, 0x04800000, 0x09550000)
  eden space 6656K,  95% used [0x04000000, 0x04631220, 0x04680000)
  from space 768K,   1% used [0x04740000, 0x04742cb8, 0x04800000)
  to   space 768K,   0% used [0x04680000, 0x04680000, 0x04740000)
 tenured generation   total 16192K, used 16014K [0x09550000, 0x0a520000, 0x14000000)
   the space 16192K,  98% used [0x09550000, 0x0a4f3b90, 0x0a4f3c00, 0x0a520000)
 Metaspace       used 8478K, capacity 8507K, committed 8576K, reserved 8576K
Event: 3.541 GC heap after
Heap after GC invocations=8 (full 2):
 def new generation   total 16832K, used 0K [0x04000000, 0x05240000, 0x09550000)
  eden space 14976K,   0% used [0x04000000, 0x04000000, 0x04ea0000)
  from space 1856K,   0% used [0x04ea0000, 0x04ea0000, 0x05070000)
  to   space 1856K,   0% used [0x05070000, 0x05070000, 0x05240000)
 tenured generation   total 37200K, used 22318K [0x09550000, 0x0b9a4000, 0x14000000)
   the space 37200K,  59% used [0x09550000, 0x0ab1b990, 0x0ab1ba00, 0x0b9a4000)
 Metaspace       used 8478K, capacity 8507K, committed 8576K, reserved 8576K
}
Event: 3.685 GC heap before
{Heap before GC invocations=8 (full 2):
 def new generation   total 16832K, used 12671K [0x04000000, 0x05240000, 0x09550000)
  eden space 14976K,  84% used [0x04000000, 0x04c5fd08, 0x04ea0000)
  from space 1856K,   0% used [0x04ea0000, 0x04ea0000, 0x05070000)
  to   space 1856K,   0% used [0x05070000, 0x05070000, 0x05240000)
 tenured generation   total 37200K, used 22318K [0x09550000, 0x0b9a4000, 0x14000000)
   the space 37200K,  59% used [0x09550000, 0x0ab1b990, 0x0ab1ba00, 0x0b9a4000)
 Metaspace       used 8481K, capacity 8539K, committed 8576K, reserved 8576K
Event: 3.698 GC heap after
Heap after GC invocations=9 (full 2):
 def new generation   total 16832K, used 4K [0x04000000, 0x05240000, 0x09550000)
  eden space 14976K,   0% used [0x04000000, 0x04000000, 0x04ea0000)
  from space 1856K,   0% used [0x05070000, 0x050710b8, 0x05240000)
  to   space 1856K,   0% used [0x04ea0000, 0x04ea0000, 0x05070000)
 tenured generation   total 37200K, used 34918K [0x09550000, 0x0b9a4000, 0x14000000)
   the space 37200K,  93% used [0x09550000, 0x0b7699d0, 0x0b769a00, 0x0b9a4000)
 Metaspace       used 8481K, capacity 8539K, committed 8576K, reserved 8576K
}
Event: 3.949 GC heap before
{Heap before GC invocations=9 (full 2):
 def new generation   total 16832K, used 14451K [0x04000000, 0x05240000, 0x09550000)
  eden space 14976K,  96% used [0x04000000, 0x04e1bbd8, 0x04ea0000)
  from space 1856K,   0% used [0x05070000, 0x050710b8, 0x05240000)
  to   space 1856K,   0% used [0x04ea0000, 0x04ea0000, 0x05070000)
 tenured generation   total 37200K, used 34918K [0x09550000, 0x0b9a4000, 0x14000000)
   the space 37200K,  93% used [0x09550000, 0x0b7699d0, 0x0b769a00, 0x0b9a4000)
 Metaspace       used 8481K, capacity 8539K, committed 8576K, reserved 8576K
Event: 3.968 GC heap after
Heap after GC invocations=10 (full 3):
 def new generation   total 37056K, used 0K [0x04000000, 0x06830000, 0x09550000)
  eden space 32960K,   0% used [0x04000000, 0x04000000, 0x06030000)
  from space 4096K,   0% used [0x06030000, 0x06030000, 0x06430000)
  to   space 4096K,   0% used [0x06430000, 0x06430000, 0x06830000)
 tenured generation   total 82204K, used 49320K [0x09550000, 0x0e597000, 0x14000000)
   the space 82204K,  59% used [0x09550000, 0x0c57a190, 0x0c57a200, 0x0e597000)
 Metaspace       used 8481K, capacity 8539K, committed 8576K, reserved 8576K
}

Deoptimization events (0 events):
No events

Internal exceptions (10 events):
Event: 2.039 Thread 0x0079b800 Exception <a 'java/security/PrivilegedActionException'> (0x043e8c70) thrown at [D:\re\workspace\8-2-build-windows-i586-cygwin\jdk8\2238\hotspot\src\share\vm\prims\jvm.cpp, line 1248]
Event: 2.512 Thread 0x0079b800 Exception <a 'java/security/PrivilegedActionException'> (0x0408cf20) thrown at [D:\re\workspace\8-2-build-windows-i586-cygwin\jdk8\2238\hotspot\src\share\vm\prims\jvm.cpp, line 1248]
Event: 2.512 Thread 0x0079b800 Exception <a 'java/lang/NoClassDefFoundError': com/ms/awt/HeavyComponent> (0x0408d120) thrown at [D:\re\workspace\8-2-build-windows-i586-cygwin\jdk8\2238\hotspot\src\share\vm\classfile\systemDictionary.cpp, line 191]
Event: 2.512 Thread 0x0079b800 Exception <a 'java/lang/NoClassDefFoundError'> (0x0408d120) thrown at [D:\re\workspace\8-2-build-windows-i586-cygwin\jdk8\2238\hotspot\src\share\vm\prims\jvm.cpp, line 1252]
Event: 20.180 Thread 0x0111a000 Exception <a 'java/security/PrivilegedActionException'> (0x05373288) thrown at [D:\re\workspace\8-2-build-windows-i586-cygwin\jdk8\2238\hotspot\src\share\vm\prims\jvm.cpp, line 1248]
Event: 20.181 Thread 0x0111a000 Exception <a 'java/security/PrivilegedActionException'> (0x05375180) thrown at [D:\re\workspace\8-2-build-windows-i586-cygwin\jdk8\2238\hotspot\src\share\vm\prims\jvm.cpp, line 1248]
Event: 20.181 Thread 0x0111a000 Exception <a 'java/security/PrivilegedActionException'> (0x05376f00) thrown at [D:\re\workspace\8-2-build-windows-i586-cygwin\jdk8\2238\hotspot\src\share\vm\prims\jvm.cpp, line 1248]
Event: 20.182 Thread 0x0111a000 Exception <a 'java/security/PrivilegedActionException'> (0x05378da0) thrown at [D:\re\workspace\8-2-build-windows-i586-cygwin\jdk8\2238\hotspot\src\share\vm\prims\jvm.cpp, line 1248]
Event: 20.183 Thread 0x0111a000 Exception <a 'java/security/PrivilegedActionException'> (0x053e48a8) thrown at [D:\re\workspace\8-2-build-windows-i586-cygwin\jdk8\2238\hotspot\src\share\vm\prims\jvm.cpp, line 1248]
Event: 20.221 Thread 0x0111a000 Exception <a 'java/security/PrivilegedActionException'> (0x053e7b48) thrown at [D:\re\workspace\8-2-build-windows-i586-cygwin\jdk8\2238\hotspot\src\share\vm\prims\jvm.cpp, line 1248]

Events (10 events):
Event: 25.221 Thread 0x15173000 Thread exited: 0x15173000
Event: 29.048 Thread 0x15173000 Thread added: 0x15173000
Event: 29.048 Thread 0x15173400 Thread added: 0x15173400
Event: 29.048 Thread 0x15173c00 Thread added: 0x15173c00
Event: 29.048 Thread 0x15173400 Thread exited: 0x15173400
Event: 29.048 loading class sun/awt/shell/Win32ShellFolderManager2$ComInvoker$1$1
Event: 29.048 loading class sun/awt/shell/Win32ShellFolderManager2$ComInvoker$1$1 done
Event: 29.048 Thread 0x15173000 Thread exited: 0x15173000
Event: 29.051 Thread 0x010d2c00 Thread exited: 0x010d2c00
Event: 29.073 Thread 0x0111a800 Thread exited: 0x0111a800


Dynamic libraries:
0x012b0000 - 0x012e0000 	C:\Program Files\Java\jdk1.8.0\bin\java.exe
0x77b10000 - 0x77c78000 	C:\WINDOWS\SYSTEM32\ntdll.dll
0x77a10000 - 0x77b08000 	C:\WINDOWS\system32\KERNEL32.DLL
0x762e0000 - 0x7639c000 	C:\WINDOWS\system32\KERNELBASE.dll
0x71a10000 - 0x71ab7000 	C:\WINDOWS\system32\apphelp.dll
0x774b0000 - 0x7755e000 	C:\WINDOWS\system32\ADVAPI32.dll
0x77770000 - 0x77891000 	C:\WINDOWS\system32\USER32.dll
0x73430000 - 0x73628000 	C:\WINDOWS\WinSxS\x86_microsoft.windows.common-controls_6595b64144ccf1df_6.0.9200.16579_none_8937eec6860750f5\COMCTL32.dll
0x76b40000 - 0x76bf1000 	C:\WINDOWS\system32\msvcrt.dll
0x77130000 - 0x77164000 	C:\WINDOWS\SYSTEM32\sechost.dll
0x76900000 - 0x769d1000 	C:\WINDOWS\system32\RPCRT4.dll
0x766e0000 - 0x767eb000 	C:\WINDOWS\system32\GDI32.dll
0x76ee0000 - 0x76f0b000 	C:\WINDOWS\system32\IMM32.DLL
0x76600000 - 0x766de000 	C:\WINDOWS\system32\MSCTF.dll
0x63130000 - 0x631ef000 	C:\Program Files\Java\jdk1.8.0\jre\bin\msvcr100.dll
0x535f0000 - 0x53986000 	C:\Program Files\Java\jdk1.8.0\jre\bin\client\jvm.dll
0x6db80000 - 0x6db88000 	C:\WINDOWS\SYSTEM32\WSOCK32.dll
0x6ec70000 - 0x6ec91000 	C:\WINDOWS\SYSTEM32\WINMM.dll
0x77120000 - 0x77126000 	C:\WINDOWS\system32\PSAPI.DLL
0x770d0000 - 0x77120000 	C:\WINDOWS\system32\WS2_32.dll
0x6ec40000 - 0x6ec6b000 	C:\WINDOWS\SYSTEM32\WINMMBASE.dll
0x76b20000 - 0x76b28000 	C:\WINDOWS\system32\NSI.dll
0x76290000 - 0x762d6000 	C:\WINDOWS\SYSTEM32\cfgmgr32.dll
0x763a0000 - 0x763be000 	C:\WINDOWS\system32\DEVOBJ.dll
0x72810000 - 0x7281c000 	C:\Program Files\Java\jdk1.8.0\jre\bin\verify.dll
0x6ba70000 - 0x6ba91000 	C:\Program Files\Java\jdk1.8.0\jre\bin\java.dll
0x71cf0000 - 0x71d03000 	C:\Program Files\Java\jdk1.8.0\jre\bin\zip.dll
0x73630000 - 0x746f5000 	C:\WINDOWS\SYSTEM32\SHELL32.dll
0x769e0000 - 0x76b16000 	C:\WINDOWS\SYSTEM32\combase.dll
0x77730000 - 0x77770000 	C:\WINDOWS\system32\SHLWAPI.dll
0x778a0000 - 0x77913000 	C:\WINDOWS\system32\SHCORE.dll
0x76220000 - 0x76231000 	C:\WINDOWS\system32\profapi.dll
0x614a0000 - 0x615e5000 	C:\Program Files\Java\jdk1.8.0\jre\bin\awt.dll
0x77920000 - 0x779ab000 	C:\WINDOWS\system32\OLEAUT32.dll
0x74fa0000 - 0x74fb9000 	C:\WINDOWS\system32\DWMAPI.DLL
0x75360000 - 0x75407000 	C:\WINDOWS\system32\uxtheme.dll
0x77390000 - 0x774a9000 	C:\WINDOWS\system32\ole32.dll
0x76030000 - 0x76039000 	C:\WINDOWS\SYSTEM32\CRYPTBASE.dll
0x75fd0000 - 0x76021000 	C:\WINDOWS\SYSTEM32\bcryptPrimitives.dll
0x6a240000 - 0x6a2c7000 	C:\WINDOWS\WinSxS\x86_microsoft.windows.common-controls_6595b64144ccf1df_5.82.9200.16658_none_bf1359a245f1cd12\comctl32.dll
0x64100000 - 0x64139000 	C:\Program Files\Java\jdk1.8.0\jre\bin\fontmanager.dll
0x6bd30000 - 0x6bd44000 	C:\Program Files\Java\jdk1.8.0\jre\bin\net.dll
0x155f0000 - 0x15647000 	C:\WINDOWS\system32\HMIPCore.dll
0x75b30000 - 0x75b7a000 	C:\WINDOWS\SYSTEM32\MSWSOCK.dll
0x755a0000 - 0x755c0000 	C:\WINDOWS\SYSTEM32\IPHLPAPI.DLL
0x75590000 - 0x75598000 	C:\WINDOWS\SYSTEM32\VERSION.dll
0x75580000 - 0x75588000 	C:\WINDOWS\SYSTEM32\WINNSI.DLL
0x75fa0000 - 0x75fc4000 	C:\WINDOWS\SYSTEM32\SspiCli.dll
0x727e0000 - 0x727ef000 	C:\Program Files\Java\jdk1.8.0\jre\bin\nio.dll
0x6b960000 - 0x6b990000 	C:\Program Files\Java\jdk1.8.0\jre\bin\t2k.dll
0x76c00000 - 0x76daf000 	C:\WINDOWS\system32\SETUPAPI.dll
0x76880000 - 0x768f4000 	C:\WINDOWS\SYSTEM32\clbcatq.dll
0x71ee0000 - 0x71ff9000 	C:\WINDOWS\system32\propsys.dll
0x61fb0000 - 0x62148000 	C:\WINDOWS\system32\NetworkExplorer.dll
0x63790000 - 0x637c3000 	C:\WINDOWS\System32\shdocvw.dll
0x6e820000 - 0x6e833000 	C:\WINDOWS\SYSTEM32\MPR.dll
0x72800000 - 0x72808000 	C:\WINDOWS\System32\drprov.dll
0x760f0000 - 0x7612e000 	C:\WINDOWS\System32\WINSTA.dll
0x6be60000 - 0x6be6f000 	C:\WINDOWS\System32\ntlanman.dll
0x6bc10000 - 0x6bc29000 	C:\WINDOWS\System32\davclnt.dll
0x6b940000 - 0x6b949000 	C:\WINDOWS\System32\DAVHLPR.dll
0x74f20000 - 0x74f30000 	C:\WINDOWS\SYSTEM32\wkscli.dll
0x682f0000 - 0x682fe000 	C:\WINDOWS\SYSTEM32\cscapi.dll
0x757f0000 - 0x757fb000 	C:\WINDOWS\SYSTEM32\netutils.dll
0x6bcc0000 - 0x6bd25000 	C:\Windows\System32\dlnashext.dll
0x63310000 - 0x63408000 	C:\Windows\System32\Windows.Media.Streaming.dll
0x76150000 - 0x7618f000 	C:\Windows\System32\POWRPROF.dll
0x6f1f0000 - 0x6f225000 	C:\Windows\System32\XmlLite.dll
0x75c60000 - 0x75c7a000 	C:\WINDOWS\SYSTEM32\CRYPTSP.dll
0x758c0000 - 0x758fe000 	C:\WINDOWS\system32\rsaenh.dll
0x6ba60000 - 0x6ba6c000 	C:\Windows\System32\DevDispItemProvider.dll
0x64d40000 - 0x64dfc000 	C:\Windows\System32\actxprxy.dll
0x71ed0000 - 0x71ee0000 	C:\WINDOWS\SYSTEM32\dhcpcsvc6.DLL
0x72020000 - 0x72032000 	C:\WINDOWS\SYSTEM32\dhcpcsvc.DLL
0x6e6d0000 - 0x6e6ef000 	C:\WINDOWS\System32\netprofm.dll
0x6e6c0000 - 0x6e6c9000 	C:\WINDOWS\System32\npmproxy.dll
0x728c0000 - 0x7293a000 	C:\Windows\System32\PortableDeviceApi.dll
0x76240000 - 0x76282000 	C:\WINDOWS\system32\WINTRUST.dll
0x76450000 - 0x765d2000 	C:\WINDOWS\system32\CRYPT32.dll
0x76200000 - 0x76212000 	C:\WINDOWS\system32\MSASN1.dll
0x67630000 - 0x67651000 	C:\Windows\System32\EhStorAPI.dll
0x760e0000 - 0x760ee000 	C:\Windows\System32\WTSAPI32.dll
0x639b0000 - 0x63a64000 	C:\WINDOWS\system32\SearchFolder.dll
0x682e0000 - 0x682e9000 	C:\WINDOWS\SYSTEM32\LINKINFO.dll
0x640a0000 - 0x640a8000 	C:\WINDOWS\SYSTEM32\msiltcfg.dll
0x6aba0000 - 0x6adee000 	C:\WINDOWS\SYSTEM32\msi.dll
0x76040000 - 0x760e0000 	C:\WINDOWS\SYSTEM32\sxs.dll
0x15840000 - 0x15855000 	C:\Windows\System32\jmutil.dll
0x15860000 - 0x1586d000 	C:\Windows\System32\jmvfw.dll
0x6a220000 - 0x6a234000 	C:\WINDOWS\SYSTEM32\AVICAP32.dll
0x6a2f0000 - 0x6a311000 	C:\WINDOWS\SYSTEM32\MSVFW32.dll
0x6a950000 - 0x6a957000 	C:\WINDOWS\SYSTEM32\DCIMAN32.DLL
0x73030000 - 0x7307d000 	C:\WINDOWS\SYSTEM32\MMDevAPI.DLL
0x6b8a0000 - 0x6b8d0000 	C:\WINDOWS\SYSTEM32\wdmaud.drv
0x6b890000 - 0x6b895000 	C:\WINDOWS\SYSTEM32\ksuser.dll
0x72170000 - 0x72178000 	C:\WINDOWS\SYSTEM32\AVRT.dll
0x72cd0000 - 0x72d24000 	C:\WINDOWS\SYSTEM32\AUDIOSES.DLL
0x6b880000 - 0x6b889000 	C:\WINDOWS\SYSTEM32\msacm32.drv
0x6b860000 - 0x6b874000 	C:\WINDOWS\SYSTEM32\MSACM32.dll
0x6b850000 - 0x6b858000 	C:\WINDOWS\SYSTEM32\midimap.dll
0x72890000 - 0x728a0000 	C:\WINDOWS\SYSTEM32\vfwwdm32.dll
0x717d0000 - 0x717e3000 	C:\Windows\System32\devenum.dll
0x749f0000 - 0x74a16000 	C:\WINDOWS\SYSTEM32\ntmarta.dll
0x69440000 - 0x6944b000 	C:\WINDOWS\SYSTEM32\msdmo.dll
0x65240000 - 0x65272000 	C:\Windows\System32\ksproxy.ax
0x6a6a0000 - 0x6a855000 	C:\Windows\System32\d3d9.dll
0x6c020000 - 0x6c02a000 	C:\Windows\System32\vidcap.ax
0x6bca0000 - 0x6bcbd000 	C:\Windows\System32\kswdmcap.ax
0x5cb90000 - 0x5cca9000 	C:\Windows\System32\MFC42.dll
0x611f0000 - 0x61291000 	C:\Windows\System32\ODBC32.dll
0x673f0000 - 0x67420000 	C:\Windows\System32\qcap.dll
0x6a090000 - 0x6a212000 	C:\Windows\System32\quartz.dll
0x16af0000 - 0x16afb000 	C:\Windows\System32\jmvcm.dll
0x16b00000 - 0x16b08000 	C:\Windows\System32\jmddraw.dll
0x6a860000 - 0x6a939000 	C:\WINDOWS\SYSTEM32\DDRAW.dll
0x73080000 - 0x73186000 	C:\WINDOWS\SYSTEM32\aticfx32.dll
0x6b7a0000 - 0x6b7bb000 	C:\WINDOWS\SYSTEM32\atiu9pag.dll
0x559d0000 - 0x56ba3000 	C:\WINDOWS\SYSTEM32\igdumdim32.dll
0x6f600000 - 0x6f96b000 	C:\WINDOWS\SYSTEM32\igdusc32.dll
0x5ccb0000 - 0x5d2fe000 	C:\WINDOWS\SYSTEM32\atiumdag.dll
0x17110000 - 0x17134000 	C:\Windows\System32\jmjpeg.dll
0x6bb50000 - 0x6bb56000 	C:\Program Files\Java\jdk1.8.0\jre\bin\jawt.dll
0x14e50000 - 0x14e59000 	C:\Windows\System32\jmfjawt.dll
0x5ff40000 - 0x5ffce000 	C:\Program Files\Java\jdk1.8.0\jre\bin\mlib_image.dll
0x64c60000 - 0x64c85000 	C:\Program Files\Java\jdk1.8.0\jre\bin\jpeg.dll
0x6bef0000 - 0x6c019000 	C:\WINDOWS\SYSTEM32\dbghelp.dll

VM Arguments:
jvm_args: -Dfile.encoding=UTF-8 
java_command: jmfvideoimage.Main
java_class_path (initial): C:\Users\GANDHY\Documents\NetBeansProjects\jmfVideoImage\libreria\jcSlide.jar;C:\Users\GANDHY\Documents\NetBeansProjects\jmfVideoImage\libreria\aspose.slides-2.6.0.jar;C:\Users\GANDHY\Documents\NetBeansProjects\jmfVideoImage\libreria\customizer.jar;C:\Users\GANDHY\Documents\NetBeansProjects\jmfVideoImage\libreria\jmf-2.1.1e.jar;C:\Users\GANDHY\Documents\NetBeansProjects\jmfVideoImage\libreria\jmf.jar;C:\Users\GANDHY\Documents\NetBeansProjects\jmfVideoImage\libreria\mediaplayer.jar;C:\Users\GANDHY\Documents\NetBeansProjects\jmfVideoImage\libreria\multiplayer.jar;C:\Users\GANDHY\Documents\NetBeansProjects\jmfVideoImage\libreria\sound.jar;C:\Users\GANDHY\Documents\NetBeansProjects\jmfVideoImage\build\classes
Launcher Type: SUN_STANDARD

Environment Variables:
JAVA_HOME=C:\Program Files\Java\jdk1.8.0
PATH=C:\WINDOWS\system32;C:\WINDOWS;C:\WINDOWS\System32\Wbem;C:\WINDOWS\System32\WindowsPowerShell\v1.0\
USERNAME=GANDHY
OS=Windows_NT
PROCESSOR_IDENTIFIER=x86 Family 6 Model 60 Stepping 3, GenuineIntel



---------------  S Y S T E M  ---------------

OS: Windows 8 Build 9200 

CPU:total 4 (2 cores per cpu, 2 threads per core) family 6 model 60 stepping 3, cmov, cx8, fxsr, mmx, sse, sse2, sse3, ssse3, sse4.1, sse4.2, popcnt, avx, avx2, aes, clmul, erms, ht, tsc, tscinvbit

Memory: 4k page, physical 2546028k(549640k free), swap 6740332k(2666084k free)

vm_info: Java HotSpot(TM) Client VM (25.0-b70) for windows-x86 JRE (1.8.0-b132), built on Mar  4 2014 03:51:15 by "java_re" with MS VC++ 10.0 (VS2010)

time: Tue Jul 08 21:24:37 2014
elapsed time: 29 seconds

